<?xml version="1.0" encoding="UTF-8"?>
<!-- Generated by org.testng.reporters.JUnitXMLReporter -->
<testsuite ignored="0" hostname="DESKTOP-JCUL9GQ" failures="0" tests="3" name="BankingApp Test" time="36.814" errors="0" timestamp="07 Mar 2019 02:58:32 GMT">
  <testcase classname="Myfirst_HybridFramework.TestCase.Test_Case_001" name="loginTest" time="3.569"/>
  <testcase classname="Myfirst_HybridFramework.TestCase.Test_Case_002" name="loginDDT" time="0.0">
    <skipped/>
  </testcase> <!-- loginDDT -->
  <testcase classname="Myfirst_HybridFramework.TestCase.Test_Case_003" name="addNewCustomer" time="15.521"/>
</testsuite> <!-- BankingApp Test -->
