<?xml version="1.0" encoding="UTF-8"?>
<!-- Generated by org.testng.reporters.JUnitXMLReporter -->
<testsuite hostname="SWAPNA" ignored="0" name="BankingApp Test" tests="7" failures="2" timestamp="24 Feb 2019 05:06:18 GMT" time="70.681" errors="0">
  <testcase name="loginTest" time="4.332" classname="Myfirst_HybridFramework.TestCase.Test_Case_001"/>
  <testcase name="loginDDT" time="7.533" classname="Myfirst_HybridFramework.TestCase.Test_Case_002"/>
  <testcase name="loginDDT" time="7.652" classname="Myfirst_HybridFramework.TestCase.Test_Case_002"/>
  <testcase name="loginDDT" time="7.505" classname="Myfirst_HybridFramework.TestCase.Test_Case_002"/>
  <testcase name="loginDDT" time="4.537" classname="Myfirst_HybridFramework.TestCase.Test_Case_002">
    <failure type="java.lang.AssertionError" message="expected [true] but found [false]">
      <![CDATA[java.lang.AssertionError: expected [true] but found [false]
at Myfirst_HybridFramework.TestCase.Test_Case_002.loginDDT(Test_Case_002.java:39)
... Removed 29 stack frames]]>
    </failure>
  </testcase> <!-- loginDDT -->
  <testcase name="loginDDT" time="4.257" classname="Myfirst_HybridFramework.TestCase.Test_Case_002">
    <failure type="java.lang.AssertionError" message="expected [true] but found [false]">
      <![CDATA[java.lang.AssertionError: expected [true] but found [false]
at Myfirst_HybridFramework.TestCase.Test_Case_002.loginDDT(Test_Case_002.java:39)
... Removed 29 stack frames]]>
    </failure>
  </testcase> <!-- loginDDT -->
  <testcase name="addNewCustomer" time="15.061" classname="Myfirst_HybridFramework.TestCase.Test_Case_003"/>
</testsuite> <!-- BankingApp Test -->
