<?xml version="1.0" encoding="UTF-8"?>
<testng-results ignored="0" total="3" passed="2" failed="0" skipped="1">
  <reporter-output>
  </reporter-output>
  <suite started-at="2019-03-07T02:57:55Z" name="Myfirst_HybridFramework" finished-at="2019-03-07T02:58:32Z" duration-ms="36814">
    <groups>
    </groups>
    <test started-at="2019-03-07T02:57:55Z" name="BankingApp Test" finished-at="2019-03-07T02:58:32Z" duration-ms="36814">
      <class name="Myfirst_HybridFramework.TestCase.Test_Case_001">
        <test-method is-config="true" signature="setup(java.lang.String)[pri:0, instance:Myfirst_HybridFramework.TestCase.Test_Case_001@6356695f]" started-at="2019-03-07T02:57:55Z" name="setup" finished-at="2019-03-07T02:58:02Z" duration-ms="6039" status="PASS">
          <params>
            <param index="0">
              <value>
                <![CDATA[chrome]]>
              </value>
            </param>
          </params>
          <reporter-output>
          </reporter-output>
        </test-method> <!-- setup -->
        <test-method signature="loginTest()[pri:0, instance:Myfirst_HybridFramework.TestCase.Test_Case_001@6356695f]" started-at="2019-03-07T02:58:02Z" name="loginTest" finished-at="2019-03-07T02:58:05Z" duration-ms="3569" status="PASS">
          <reporter-output>
          </reporter-output>
        </test-method> <!-- loginTest -->
        <test-method is-config="true" signature="tearDown()[pri:0, instance:Myfirst_HybridFramework.TestCase.Test_Case_001@6356695f]" started-at="2019-03-07T02:58:05Z" name="tearDown" finished-at="2019-03-07T02:58:06Z" duration-ms="790" status="PASS">
          <reporter-output>
          </reporter-output>
        </test-method> <!-- tearDown -->
      </class> <!-- Myfirst_HybridFramework.TestCase.Test_Case_001 -->
      <class name="Myfirst_HybridFramework.TestCase.Test_Case_002">
        <test-method is-config="true" signature="setup(java.lang.String)[pri:0, instance:Myfirst_HybridFramework.TestCase.Test_Case_002@4f18837a]" started-at="2019-03-07T02:58:06Z" name="setup" finished-at="2019-03-07T02:58:11Z" duration-ms="4650" status="PASS">
          <params>
            <param index="0">
              <value>
                <![CDATA[chrome]]>
              </value>
            </param>
          </params>
          <reporter-output>
          </reporter-output>
        </test-method> <!-- setup -->
        <test-method signature="loginDDT(java.lang.String, java.lang.String)[pri:0, instance:Myfirst_HybridFramework.TestCase.Test_Case_002@4f18837a]" started-at="2019-03-07T02:58:11Z" name="loginDDT" data-provider="LoginData" finished-at="2019-03-07T02:58:11Z" duration-ms="0" status="SKIP">
          <exception class="java.lang.RuntimeException">
            <message>
              <![CDATA[java.io.FileNotFoundException: C:\Users\Swapna\eclipse-workspace\Myfirst_HybridFramework\src\test\java\Myfirst_HybridFramework\TestData\LoginData.xlsx (The system cannot find the path specified)]]>
            </message>
            <full-stacktrace>
              <![CDATA[java.lang.RuntimeException: java.io.FileNotFoundException: C:\Users\Swapna\eclipse-workspace\Myfirst_HybridFramework\src\test\java\Myfirst_HybridFramework\TestData\LoginData.xlsx (The system cannot find the path specified)
at org.testng.internal.MethodInvocationHelper.invokeMethodNoCheckedException(MethodInvocationHelper.java:49)
at org.testng.internal.MethodInvocationHelper.invokeDataProvider(MethodInvocationHelper.java:131)
at org.testng.internal.Parameters.handleParameters(Parameters.java:706)
at org.testng.internal.ParameterHandler.handleParameters(ParameterHandler.java:49)
at org.testng.internal.ParameterHandler.createParameters(ParameterHandler.java:37)
at org.testng.internal.Invoker.invokeTestMethods(Invoker.java:924)
at org.testng.internal.TestMethodWorker.invokeTestMethods(TestMethodWorker.java:125)
at org.testng.internal.TestMethodWorker.run(TestMethodWorker.java:109)
at org.testng.TestRunner.privateRun(TestRunner.java:648)
at org.testng.TestRunner.run(TestRunner.java:505)
at org.testng.SuiteRunner.runTest(SuiteRunner.java:455)
at org.testng.SuiteRunner.runSequentially(SuiteRunner.java:450)
at org.testng.SuiteRunner.privateRun(SuiteRunner.java:415)
at org.testng.SuiteRunner.run(SuiteRunner.java:364)
at org.testng.SuiteRunnerWorker.runSuite(SuiteRunnerWorker.java:52)
at org.testng.SuiteRunnerWorker.run(SuiteRunnerWorker.java:84)
at org.testng.TestNG.runSuitesSequentially(TestNG.java:1208)
at org.testng.TestNG.runSuitesLocally(TestNG.java:1137)
at org.testng.TestNG.runSuites(TestNG.java:1049)
at org.testng.TestNG.run(TestNG.java:1017)
at org.apache.maven.surefire.testng.TestNGExecutor.run(TestNGExecutor.java:295)
at org.apache.maven.surefire.testng.TestNGXmlTestSuite.execute(TestNGXmlTestSuite.java:84)
at org.apache.maven.surefire.testng.TestNGProvider.invoke(TestNGProvider.java:90)
at org.apache.maven.surefire.booter.ForkedBooter.invokeProviderInSameClassLoader(ForkedBooter.java:203)
at org.apache.maven.surefire.booter.ForkedBooter.runSuitesInProcess(ForkedBooter.java:155)
at org.apache.maven.surefire.booter.ForkedBooter.main(ForkedBooter.java:103)
Caused by: java.io.FileNotFoundException: C:\Users\Swapna\eclipse-workspace\Myfirst_HybridFramework\src\test\java\Myfirst_HybridFramework\TestData\LoginData.xlsx (The system cannot find the path specified)
at java.base/java.io.FileInputStream.open0(Native Method)
at java.base/java.io.FileInputStream.open(FileInputStream.java:219)
at java.base/java.io.FileInputStream.<init>(FileInputStream.java:157)
at java.base/java.io.FileInputStream.<init>(FileInputStream.java:112)
at Myfirst_HybridFramework.Utilities.XLUtils.getRowCount(XLUtils.java:26)
at Myfirst_HybridFramework.TestCase.Test_Case_002.getData(Test_Case_002.java:79)
at java.base/jdk.internal.reflect.NativeMethodAccessorImpl.invoke0(Native Method)
at java.base/jdk.internal.reflect.NativeMethodAccessorImpl.invoke(NativeMethodAccessorImpl.java:62)
at java.base/jdk.internal.reflect.DelegatingMethodAccessorImpl.invoke(DelegatingMethodAccessorImpl.java:43)
at java.base/java.lang.reflect.Method.invoke(Method.java:566)
at org.testng.internal.MethodInvocationHelper.invokeMethod(MethodInvocationHelper.java:124)
at org.testng.internal.MethodInvocationHelper.invokeMethod(MethodInvocationHelper.java:74)
at org.testng.internal.MethodInvocationHelper.invokeMethodNoCheckedException(MethodInvocationHelper.java:45)
... 25 more
]]>
            </full-stacktrace>
          </exception> <!-- java.lang.RuntimeException -->
          <reporter-output>
          </reporter-output>
        </test-method> <!-- loginDDT -->
        <test-method is-config="true" signature="tearDown()[pri:0, instance:Myfirst_HybridFramework.TestCase.Test_Case_002@4f18837a]" started-at="2019-03-07T02:58:11Z" name="tearDown" finished-at="2019-03-07T02:58:11Z" duration-ms="809" status="PASS">
          <reporter-output>
          </reporter-output>
        </test-method> <!-- tearDown -->
      </class> <!-- Myfirst_HybridFramework.TestCase.Test_Case_002 -->
      <class name="Myfirst_HybridFramework.TestCase.Test_Case_003">
        <test-method is-config="true" signature="setup(java.lang.String)[pri:0, instance:Myfirst_HybridFramework.TestCase.Test_Case_003@359f7cdf]" started-at="2019-03-07T02:58:11Z" name="setup" finished-at="2019-03-07T02:58:16Z" duration-ms="4348" status="PASS">
          <params>
            <param index="0">
              <value>
                <![CDATA[chrome]]>
              </value>
            </param>
          </params>
          <reporter-output>
          </reporter-output>
        </test-method> <!-- setup -->
        <test-method signature="addNewCustomer()[pri:0, instance:Myfirst_HybridFramework.TestCase.Test_Case_003@359f7cdf]" started-at="2019-03-07T02:58:16Z" name="addNewCustomer" finished-at="2019-03-07T02:58:31Z" duration-ms="15521" status="PASS">
          <reporter-output>
          </reporter-output>
        </test-method> <!-- addNewCustomer -->
        <test-method is-config="true" signature="tearDown()[pri:0, instance:Myfirst_HybridFramework.TestCase.Test_Case_003@359f7cdf]" started-at="2019-03-07T02:58:31Z" name="tearDown" finished-at="2019-03-07T02:58:32Z" duration-ms="697" status="PASS">
          <reporter-output>
          </reporter-output>
        </test-method> <!-- tearDown -->
      </class> <!-- Myfirst_HybridFramework.TestCase.Test_Case_003 -->
    </test> <!-- BankingApp Test -->
  </suite> <!-- Myfirst_HybridFramework -->
</testng-results>
